<?xml version="1.0" encoding="UTF-8"?>
<testsuite name="WordPuzzleTest" tests="3" skipped="0" failures="0" errors="0" timestamp="2016-04-22T21:23:33" hostname="epicodus-55.local" time="0.0">
  <properties/>
  <testcase name="replaceTheVowels_ReplaceAllVowelsWithDash_Dash" classname="WordPuzzleTest" time="0.0"/>
  <testcase name="replaceTheVowels_ReplaceVowelAWithDash_Dash" classname="WordPuzzleTest" time="0.0"/>
  <testcase name="replaceTheVowels_KeepAllMixedCaseLetters_Dash" classname="WordPuzzleTest" time="0.0"/>
  <system-out><![CDATA[]]></system-out>
  <system-err><![CDATA[]]></system-err>
</testsuite>
